<?xml version="1.0" encoding="UTF-8"?>
<!-- Generated by org.testng.reporters.JUnitReportReporter -->
<testsuite hostname="DESKTOP-A0GTQRK" failures="0" tests="1" name="tests.SearchProductTest" time="2.185" errors="0" timestamp="2024-05-15T00:11:41 EEST" skipped="0">
  <testcase classname="tests.SearchProductTest" name="UserCanSearchForProducts" time="2.185"/>
</testsuite> <!-- tests.SearchProductTest -->
